# JRE version: OpenJDK Runtime Environment Zulu11.50+19-CA (11.0.12+7) (build 11.0.12+7-LTS)
# Java VM: OpenJDK 64-Bit Server VM Zulu11.50+19-CA (11.0.12+7-LTS, mixed mode, tiered, compressed oops, g1 gc, bsd-aarch64)
Heap:
 garbage-first heap   total 262144K, used 45996K [0x00000006c0000000, 0x00000007c0000000)
  region size 1024K, 36 young (36864K), 5 survivors (5120K)
 Metaspace       used 33188K, capacity 34608K, committed 34736K, reserved 1079296K
  class space    used 4226K, capacity 4853K, committed 4864K, reserved 1048576K
GC Heap History (6 events):
Event: 0.463 GC heap before
{Heap before GC invocations=0 (full 0):
 garbage-first heap   total 262144K, used 23552K [0x00000006c0000000, 0x00000007c0000000)
  region size 1024K, 24 young (24576K), 0 survivors (0K)
 Metaspace       used 15102K, capacity 15417K, committed 15616K, reserved 1062912K
  class space    used 1539K, capacity 1701K, committed 1792K, reserved 1048576K
}
Event: 0.466 GC heap after
{Heap after GC invocations=1 (full 0):
 garbage-first heap   total 262144K, used 5191K [0x00000006c0000000, 0x00000007c0000000)
  region size 1024K, 3 young (3072K), 3 survivors (3072K)
 Metaspace       used 15102K, capacity 15417K, committed 15616K, reserved 1062912K
  class space    used 1539K, capacity 1701K, committed 1792K, reserved 1048576K
}
Event: 0.596 GC heap before
{Heap before GC invocations=1 (full 0):
 garbage-first heap   total 262144K, used 14407K [0x00000006c0000000, 0x00000007c0000000)
  region size 1024K, 13 young (13312K), 3 survivors (3072K)
 Metaspace       used 20580K, capacity 21103K, committed 21296K, reserved 1069056K
  class space    used 2315K, capacity 2590K, committed 2688K, reserved 1048576K
}
Event: 0.598 GC heap after
{Heap after GC invocations=2 (full 0):
 garbage-first heap   total 262144K, used 6747K [0x00000006c0000000, 0x00000007c0000000)
  region size 1024K, 5 young (5120K), 5 survivors (5120K)
 Metaspace       used 20580K, capacity 21103K, committed 21296K, reserved 1069056K
  class space    used 2315K, capacity 2590K, committed 2688K, reserved 1048576K
}
Event: 1.208 GC heap before
{Heap before GC invocations=3 (full 0):
 garbage-first heap   total 262144K, used 36443K [0x00000006c0000000, 0x00000007c0000000)
  region size 1024K, 33 young (33792K), 5 survivors (5120K)
 Metaspace       used 30665K, capacity 31927K, committed 32048K, reserved 1077248K
  class space    used 4100K, capacity 4669K, committed 4736K, reserved 1048576K
}
Event: 1.213 GC heap after
{Heap after GC invocations=4 (full 0):
 garbage-first heap   total 262144K, used 15276K [0x00000006c0000000, 0x00000007c0000000)
  region size 1024K, 5 young (5120K), 5 survivors (5120K)
 Metaspace       used 30665K, capacity 31927K, committed 32048K, reserved 1077248K
  class space    used 4100K, capacity 4669K, committed 4736K, reserved 1048576K
}

